> Task :gradle-plugin:settings-plugin:checkKotlinGradlePluginConfigurationErrors SKIPPED
> Task :gradle-plugin:shared:checkKotlinGradlePluginConfigurationErrors SKIPPED
> Task :gradle-plugin:shared:compileKotlin UP-TO-DATE
> Task :gradle-plugin:shared:compileJava NO-SOURCE
> Task :gradle-plugin:shared:processResources NO-SOURCE
> Task :gradle-plugin:shared:classes UP-TO-DATE
> Task :gradle-plugin:shared:jar UP-TO-DATE
> Task :gradle-plugin:settings-plugin:compileKotlin UP-TO-DATE
> Task :gradle-plugin:settings-plugin:compileJava NO-SOURCE
> Task :gradle-plugin:settings-plugin:pluginDescriptors UP-TO-DATE
> Task :gradle-plugin:settings-plugin:processResources UP-TO-DATE
> Task :gradle-plugin:settings-plugin:classes UP-TO-DATE
> Task :gradle-plugin:settings-plugin:jar UP-TO-DATE
> Task :gradle-plugin:react-native-gradle-plugin:checkKotlinGradlePluginConfigurationErrors SKIPPED
> Task :gradle-plugin:react-native-gradle-plugin:compileKotlin UP-TO-DATE
> Task :gradle-plugin:react-native-gradle-plugin:compileJava NO-SOURCE
> Task :gradle-plugin:react-native-gradle-plugin:pluginDescriptors UP-TO-DATE
> Task :gradle-plugin:react-native-gradle-plugin:processResources UP-TO-DATE
> Task :gradle-plugin:react-native-gradle-plugin:classes UP-TO-DATE
> Task :gradle-plugin:react-native-gradle-plugin:jar UP-TO-DATE
> Task :app:generateAutolinkingNewArchitectureFiles UP-TO-DATE
> Task :app:generateAutolinkingPackageList UP-TO-DATE
> Task :app:generateCodegenSchemaFromJavaScript SKIPPED
> Task :app:generateCodegenArtifactsFromSchema SKIPPED
> Task :app:generateReactNativeEntryPoint UP-TO-DATE
> Task :react-native-async-storage_async-storage:generateCodegenSchemaFromJavaScript UP-TO-DATE
> Task :react-native-async-storage_async-storage:generateCodegenArtifactsFromSchema UP-TO-DATE
> Task :react-native-async-storage_async-storage:preBuild UP-TO-DATE
> Task :react-native-image-picker:generateCodegenSchemaFromJavaScript UP-TO-DATE
> Task :react-native-image-picker:generateCodegenArtifactsFromSchema UP-TO-DATE
> Task :react-native-image-picker:preBuild UP-TO-DATE
> Task :react-native-safe-area-context:generateCodegenSchemaFromJavaScript UP-TO-DATE
> Task :react-native-safe-area-context:generateCodegenArtifactsFromSchema UP-TO-DATE
> Task :react-native-safe-area-context:preBuild UP-TO-DATE
> Task :react-native-svg:generateCodegenSchemaFromJavaScript UP-TO-DATE
> Task :react-native-svg:generateCodegenArtifactsFromSchema UP-TO-DATE
> Task :react-native-svg:preBuild UP-TO-DATE
> Task :app:preBuild UP-TO-DATE
> Task :app:preReleaseBuild UP-TO-DATE
> Task :app:configureCMakeRelWithDebInfo[arm64-v8a]
> Task :app:buildCMakeRelWithDebInfo[arm64-v8a]
> Task :app:configureCMakeRelWithDebInfo[armeabi-v7a]
> Task :app:buildCMakeRelWithDebInfo[armeabi-v7a]
> Task :app:configureCMakeRelWithDebInfo[x86]
> Task :app:buildCMakeRelWithDebInfo[x86]
> Task :app:configureCMakeRelWithDebInfo[x86_64]
> Task :app:buildCMakeRelWithDebInfo[x86_64]
> Task :app:mergeReleaseJniLibFolders UP-TO-DATE
> Task :react-native-async-storage_async-storage:preReleaseBuild UP-TO-DATE
> Task :react-native-async-storage_async-storage:mergeReleaseJniLibFolders UP-TO-DATE
> Task :react-native-async-storage_async-storage:mergeReleaseNativeLibs NO-SOURCE
> Task :react-native-async-storage_async-storage:copyReleaseJniLibsProjectOnly UP-TO-DATE
> Task :react-native-image-picker:preReleaseBuild UP-TO-DATE
> Task :react-native-image-picker:mergeReleaseJniLibFolders UP-TO-DATE
> Task :react-native-image-picker:mergeReleaseNativeLibs NO-SOURCE
> Task :react-native-image-picker:copyReleaseJniLibsProjectOnly UP-TO-DATE
> Task :react-native-safe-area-context:preReleaseBuild UP-TO-DATE
> Task :react-native-safe-area-context:mergeReleaseJniLibFolders UP-TO-DATE
> Task :react-native-safe-area-context:mergeReleaseNativeLibs NO-SOURCE
> Task :react-native-safe-area-context:copyReleaseJniLibsProjectOnly UP-TO-DATE
> Task :react-native-svg:preReleaseBuild UP-TO-DATE
> Task :react-native-svg:mergeReleaseJniLibFolders UP-TO-DATE
> Task :react-native-svg:mergeReleaseNativeLibs NO-SOURCE
> Task :react-native-svg:copyReleaseJniLibsProjectOnly UP-TO-DATE
> Task :app:mergeReleaseNativeLibs UP-TO-DATE
> Task :app:stripReleaseDebugSymbols UP-TO-DATE
> Task :app:extractReleaseNativeSymbolTables UP-TO-DATE
> Task :app:mergeReleaseNativeDebugMetadata UP-TO-DATE
> Task :react-native-safe-area-context:checkKotlinGradlePluginConfigurationErrors SKIPPED
> Task :react-native-safe-area-context:generateReleaseBuildConfig UP-TO-DATE
> Task :react-native-safe-area-context:generateReleaseResValues UP-TO-DATE
> Task :react-native-safe-area-context:generateReleaseResources UP-TO-DATE
> Task :react-native-safe-area-context:packageReleaseResources UP-TO-DATE
> Task :react-native-safe-area-context:parseReleaseLocalResources UP-TO-DATE
> Task :react-native-safe-area-context:generateReleaseRFile UP-TO-DATE
> Task :react-native-safe-area-context:compileReleaseKotlin UP-TO-DATE
> Task :react-native-safe-area-context:javaPreCompileRelease UP-TO-DATE
> Task :react-native-safe-area-context:compileReleaseJavaWithJavac UP-TO-DATE
> Task :react-native-safe-area-context:bundleLibRuntimeToDirRelease UP-TO-DATE
> Task :react-native-async-storage_async-storage:generateReleaseBuildConfig UP-TO-DATE
> Task :react-native-async-storage_async-storage:generateReleaseResValues UP-TO-DATE
> Task :react-native-async-storage_async-storage:generateReleaseResources UP-TO-DATE
> Task :react-native-async-storage_async-storage:packageReleaseResources UP-TO-DATE
> Task :react-native-async-storage_async-storage:parseReleaseLocalResources UP-TO-DATE
> Task :react-native-async-storage_async-storage:generateReleaseRFile UP-TO-DATE
> Task :react-native-async-storage_async-storage:javaPreCompileRelease UP-TO-DATE
> Task :react-native-async-storage_async-storage:compileReleaseJavaWithJavac UP-TO-DATE
> Task :react-native-async-storage_async-storage:bundleLibRuntimeToDirRelease UP-TO-DATE
> Task :react-native-image-picker:generateReleaseBuildConfig UP-TO-DATE
> Task :react-native-image-picker:generateReleaseResValues UP-TO-DATE
> Task :react-native-image-picker:generateReleaseResources UP-TO-DATE
> Task :react-native-image-picker:packageReleaseResources UP-TO-DATE
> Task :react-native-image-picker:parseReleaseLocalResources UP-TO-DATE
> Task :react-native-image-picker:generateReleaseRFile UP-TO-DATE
> Task :react-native-image-picker:javaPreCompileRelease UP-TO-DATE
> Task :react-native-image-picker:compileReleaseJavaWithJavac UP-TO-DATE
> Task :react-native-image-picker:bundleLibRuntimeToDirRelease UP-TO-DATE
> Task :react-native-svg:generateReleaseBuildConfig UP-TO-DATE
> Task :react-native-svg:generateReleaseResValues UP-TO-DATE
> Task :react-native-svg:generateReleaseResources UP-TO-DATE
> Task :react-native-svg:packageReleaseResources UP-TO-DATE
> Task :react-native-svg:parseReleaseLocalResources UP-TO-DATE
> Task :react-native-svg:generateReleaseRFile UP-TO-DATE
> Task :react-native-svg:javaPreCompileRelease UP-TO-DATE
> Task :react-native-svg:compileReleaseJavaWithJavac UP-TO-DATE
> Task :react-native-svg:bundleLibRuntimeToDirRelease UP-TO-DATE
> Task :app:checkReleaseDuplicateClasses UP-TO-DATE
> Task :app:buildKotlinToolingMetadata UP-TO-DATE
> Task :app:checkKotlinGradlePluginConfigurationErrors SKIPPED
> Task :app:generateReleaseBuildConfig UP-TO-DATE
> Task :react-native-async-storage_async-storage:writeReleaseAarMetadata UP-TO-DATE
> Task :react-native-image-picker:writeReleaseAarMetadata UP-TO-DATE
> Task :react-native-safe-area-context:writeReleaseAarMetadata UP-TO-DATE
> Task :react-native-svg:writeReleaseAarMetadata UP-TO-DATE
> Task :app:checkReleaseAarMetadata UP-TO-DATE
> Task :app:createBundleReleaseJsAndAssets UP-TO-DATE
> Task :app:generateReleaseResValues UP-TO-DATE
> Task :app:mapReleaseSourceSetPaths
> Task :app:generateReleaseResources
> Task :app:packageReleaseResources
> Task :app:createReleaseCompatibleScreenManifests UP-TO-DATE
> Task :app:extractDeepLinksRelease UP-TO-DATE
> Task :react-native-async-storage_async-storage:extractDeepLinksRelease UP-TO-DATE
> Task :react-native-async-storage_async-storage:processReleaseManifest UP-TO-DATE
> Task :react-native-image-picker:extractDeepLinksRelease UP-TO-DATE
> Task :react-native-image-picker:processReleaseManifest UP-TO-DATE
> Task :react-native-safe-area-context:extractDeepLinksRelease UP-TO-DATE
> Task :react-native-safe-area-context:processReleaseManifest UP-TO-DATE
> Task :react-native-svg:extractDeepLinksRelease UP-TO-DATE
> Task :react-native-svg:processReleaseManifest UP-TO-DATE
> Task :app:processReleaseMainManifest UP-TO-DATE
> Task :app:processReleaseManifest UP-TO-DATE
> Task :app:processReleaseManifestForPackage UP-TO-DATE
> Task :react-native-async-storage_async-storage:compileReleaseLibraryResources UP-TO-DATE
> Task :react-native-image-picker:compileReleaseLibraryResources UP-TO-DATE
> Task :react-native-safe-area-context:compileReleaseLibraryResources UP-TO-DATE
> Task :react-native-svg:compileReleaseLibraryResources UP-TO-DATE
> Task :react-native-async-storage_async-storage:bundleLibCompileToJarRelease UP-TO-DATE
> Task :react-native-image-picker:bundleLibCompileToJarRelease UP-TO-DATE
> Task :react-native-safe-area-context:bundleLibCompileToJarRelease UP-TO-DATE
> Task :react-native-svg:bundleLibCompileToJarRelease UP-TO-DATE
> Task :app:javaPreCompileRelease UP-TO-DATE
> Task :app:desugarReleaseFileDependencies UP-TO-DATE
> Task :app:mergeReleaseStartupProfile UP-TO-DATE
> Task :app:mergeExtDexRelease UP-TO-DATE
> Task :react-native-async-storage_async-storage:prepareReleaseArtProfile UP-TO-DATE
> Task :react-native-image-picker:prepareReleaseArtProfile UP-TO-DATE
> Task :react-native-safe-area-context:prepareReleaseArtProfile UP-TO-DATE
> Task :react-native-svg:prepareReleaseArtProfile UP-TO-DATE
> Task :app:mergeReleaseArtProfile UP-TO-DATE
> Task :react-native-safe-area-context:bundleLibRuntimeToJarRelease UP-TO-DATE
> Task :react-native-async-storage_async-storage:bundleLibRuntimeToJarRelease UP-TO-DATE
> Task :react-native-image-picker:bundleLibRuntimeToJarRelease UP-TO-DATE
> Task :react-native-svg:bundleLibRuntimeToJarRelease UP-TO-DATE
> Task :app:mergeReleaseShaders UP-TO-DATE
> Task :app:compileReleaseShaders NO-SOURCE
> Task :app:generateReleaseAssets UP-TO-DATE
> Task :react-native-async-storage_async-storage:mergeReleaseShaders UP-TO-DATE
> Task :react-native-async-storage_async-storage:compileReleaseShaders NO-SOURCE
> Task :react-native-async-storage_async-storage:generateReleaseAssets UP-TO-DATE
> Task :react-native-async-storage_async-storage:mergeReleaseAssets UP-TO-DATE
> Task :react-native-image-picker:mergeReleaseShaders UP-TO-DATE
> Task :react-native-image-picker:compileReleaseShaders NO-SOURCE
> Task :react-native-image-picker:generateReleaseAssets UP-TO-DATE
> Task :react-native-image-picker:mergeReleaseAssets UP-TO-DATE
> Task :react-native-safe-area-context:mergeReleaseShaders UP-TO-DATE
> Task :react-native-safe-area-context:compileReleaseShaders NO-SOURCE
> Task :react-native-safe-area-context:generateReleaseAssets UP-TO-DATE
> Task :react-native-safe-area-context:mergeReleaseAssets UP-TO-DATE
> Task :react-native-svg:mergeReleaseShaders UP-TO-DATE
> Task :react-native-svg:compileReleaseShaders NO-SOURCE
> Task :react-native-svg:generateReleaseAssets UP-TO-DATE
> Task :react-native-svg:mergeReleaseAssets UP-TO-DATE
> Task :app:mergeReleaseAssets UP-TO-DATE
> Task :app:compressReleaseAssets UP-TO-DATE
> Task :app:extractReleaseVersionControlInfo UP-TO-DATE
> Task :app:extractProguardFiles UP-TO-DATE
> Task :react-native-async-storage_async-storage:processReleaseJavaRes NO-SOURCE
> Task :react-native-async-storage_async-storage:createFullJarRelease UP-TO-DATE
> Task :react-native-async-storage_async-storage:extractProguardFiles UP-TO-DATE
> Task :react-native-async-storage_async-storage:generateReleaseLintModel UP-TO-DATE
> Task :react-native-image-picker:processReleaseJavaRes NO-SOURCE
> Task :react-native-async-storage_async-storage:prepareLintJarForPublish
> Task :app:parseReleaseLocalResources
> Task :react-native-image-picker:createFullJarRelease
> Task :react-native-image-picker:extractProguardFiles
> Task :react-native-image-picker:generateReleaseLintModel
> Task :react-native-image-picker:prepareLintJarForPublish
> Task :app:mergeReleaseResources FAILED
> Task :react-native-safe-area-context:processReleaseJavaRes

[Incubating] Problems report is available at: file:///D:/ReviewApp/review-App/android/build/reports/problems/problems-report.html
./gradlew : 
At line:1 char:232
+ ... ng" -Force; ./gradlew 
assembleRelease --stacktrace 
> build_error.log  ...
+                 ~~~~~~~~~~~
~~~~~~~~~~~~~~~~~~~~~~~~~~~~~
~~~~~~~~~~~~~~~~~
    + CategoryInfo           
   : NotSpecified: (:String  
  ) [], RemoteException
    + FullyQualifiedErrorId  
   : NativeCommandError
 
FAILURE: Build failed with 
an exception.

* What went wrong:
Execution failed for task 
':app:mergeReleaseResources'.
> A failure occurred while 
executing com.android.build.g
radle.internal.res.Aapt2Compi
leRunnable
   > Android resource 
compilation failed
     ERROR: D:\ReviewApp\revi
ew-App\android\app\src\main\r
es\drawable\app_logo.png: 
AAPT: error: file failed to 
compile.
         

* Try:
> Run with --info or --debug 
option to get more log 
output.
> Run with --scan to 
generate a Build Scan 
(Powered by Develocity).
> Get more help at 
https://help.gradle.org.

* Exception is:
org.gradle.api.tasks.TaskExec
utionException: Execution 
failed for task 
':app:mergeReleaseResources'.
	at org.gradle.api.internal.t
asks.execution.ExecuteActions
TaskExecuter.lambda$executeIf
Valid$1(ExecuteActionsTaskExe
cuter.java:135)
	at org.gradle.internal.Try$F
ailure.ifSuccessfulOrElse(Try
.java:288)
	at org.gradle.api.internal.t
asks.execution.ExecuteActions
TaskExecuter.executeIfValid(E
xecuteActionsTaskExecuter.jav
a:133)
	at org.gradle.api.internal.t
asks.execution.ExecuteActions
TaskExecuter.execute(ExecuteA
ctionsTaskExecuter.java:121)
	at org.gradle.api.internal.t
asks.execution.ProblemsTaskPa
thTrackingTaskExecuter.execut
e(ProblemsTaskPathTrackingTas
kExecuter.java:41)
	at org.gradle.api.internal.t
asks.execution.FinalizeProper
tiesTaskExecuter.execute(Fina
lizePropertiesTaskExecuter.ja
va:46)
	at org.gradle.api.internal.t
asks.execution.ResolveTaskExe
cutionModeExecuter.execute(Re
solveTaskExecutionModeExecute
r.java:51)
	at org.gradle.api.internal.t
asks.execution.SkipTaskWithNo
ActionsExecuter.execute(SkipT
askWithNoActionsExecuter.java
:57)
	at org.gradle.api.internal.t
asks.execution.SkipOnlyIfTask
Executer.execute(SkipOnlyIfTa
skExecuter.java:74)
	at org.gradle.api.internal.t
asks.execution.CatchException
TaskExecuter.execute(CatchExc
eptionTaskExecuter.java:36)
	at org.gradle.api.internal.t
asks.execution.EventFiringTas
kExecuter$1.executeTask(Event
FiringTaskExecuter.java:77)
	at org.gradle.api.internal.t
asks.execution.EventFiringTas
kExecuter$1.call(EventFiringT
askExecuter.java:55)
	at org.gradle.api.internal.t
asks.execution.EventFiringTas
kExecuter$1.call(EventFiringT
askExecuter.java:52)
	at org.gradle.internal.opera
tions.DefaultBuildOperationRu
nner$CallableBuildOperationWo
rker.execute(DefaultBuildOper
ationRunner.java:209)
	at org.gradle.internal.opera
tions.DefaultBuildOperationRu
nner$CallableBuildOperationWo
rker.execute(DefaultBuildOper
ationRunner.java:204)
	at org.gradle.internal.opera
tions.DefaultBuildOperationRu
nner$2.execute(DefaultBuildOp
erationRunner.java:66)
	at org.gradle.internal.opera
tions.DefaultBuildOperationRu
nner$2.execute(DefaultBuildOp
erationRunner.java:59)
	at org.gradle.internal.opera
tions.DefaultBuildOperationRu
nner.execute(DefaultBuildOper
ationRunner.java:166)
	at org.gradle.internal.opera
tions.DefaultBuildOperationRu
nner.execute(DefaultBuildOper
ationRunner.java:59)
	at org.gradle.internal.opera
tions.DefaultBuildOperationRu
nner.call(DefaultBuildOperati
onRunner.java:53)
	at org.gradle.api.internal.t
asks.execution.EventFiringTas
kExecuter.execute(EventFiring
TaskExecuter.java:52)
	at org.gradle.execution.plan
.LocalTaskNodeExecutor.execut
e(LocalTaskNodeExecutor.java:
45)
	at org.gradle.execution.task
graph.DefaultTaskExecutionGra
ph$InvokeNodeExecutorsAction.
execute(DefaultTaskExecutionG
raph.java:347)
	at org.gradle.execution.task
graph.DefaultTaskExecutionGra
ph$InvokeNodeExecutorsAction.
execute(DefaultTaskExecutionG
raph.java:334)
	at org.gradle.execution.task
graph.DefaultTaskExecutionGra
ph$BuildOperationAwareExecuti
onAction.lambda$execute$0(Def
aultTaskExecutionGraph.java:3
30)
	at org.gradle.internal.opera
tions.CurrentBuildOperationRe
f.with(CurrentBuildOperationR
ef.java:84)
	at org.gradle.execution.task
graph.DefaultTaskExecutionGra
ph$BuildOperationAwareExecuti
onAction.execute(DefaultTaskE
xecutionGraph.java:330)
	at org.gradle.execution.task
graph.DefaultTaskExecutionGra
ph$BuildOperationAwareExecuti
onAction.execute(DefaultTaskE
xecutionGraph.java:319)
	at org.gradle.execution.plan
.DefaultPlanExecutor$Executor
Worker.execute(DefaultPlanExe
cutor.java:459)
	at org.gradle.execution.plan
.DefaultPlanExecutor$Executor
Worker.run(DefaultPlanExecuto
r.java:376)
	at org.gradle.internal.concu
rrent.ExecutorPolicy$CatchAnd
RecordFailures.onExecute(Exec
utorPolicy.java:64)
	at org.gradle.internal.concu
rrent.AbstractManagedExecutor
$1.run(AbstractManagedExecuto
r.java:47)
Caused by: org.gradle.workers
.internal.DefaultWorkerExecut
or$WorkExecutionException: A 
failure occurred while 
executing com.android.build.g
radle.internal.res.Aapt2Compi
leRunnable
	at org.gradle.workers.intern
al.DefaultWorkerExecutor$Work
ItemExecution.waitForCompleti
on(DefaultWorkerExecutor.java
:289)
	at org.gradle.internal.work.
DefaultAsyncWorkTracker.lambd
a$waitForItemsAndGatherFailur
es$2(DefaultAsyncWorkTracker.
java:130)
	at org.gradle.internal.Facto
ries$1.create(Factories.java:
31)
	at org.gradle.internal.work.
DefaultWorkerLeaseService.wit
houtLocks(DefaultWorkerLeaseS
ervice.java:335)
	at org.gradle.internal.work.
DefaultWorkerLeaseService.wit
houtLocks(DefaultWorkerLeaseS
ervice.java:318)
	at org.gradle.internal.work.
DefaultWorkerLeaseService.wit
houtLock(DefaultWorkerLeaseSe
rvice.java:323)
	at org.gradle.internal.work.
DefaultAsyncWorkTracker.waitF
orItemsAndGatherFailures(Defa
ultAsyncWorkTracker.java:126)
	at org.gradle.internal.work.
DefaultAsyncWorkTracker.waitF
orItemsAndGatherFailures(Defa
ultAsyncWorkTracker.java:92)
	at org.gradle.internal.work.
DefaultAsyncWorkTracker.waitF
orAll(DefaultAsyncWorkTracker
.java:78)
	at org.gradle.internal.work.
DefaultAsyncWorkTracker.waitF
orCompletion(DefaultAsyncWork
Tracker.java:66)
	at org.gradle.api.internal.t
asks.execution.TaskExecution$
3.run(TaskExecution.java:260)
	at org.gradle.internal.opera
tions.DefaultBuildOperationRu
nner$1.execute(DefaultBuildOp
erationRunner.java:29)
	at org.gradle.internal.opera
tions.DefaultBuildOperationRu
nner$1.execute(DefaultBuildOp
erationRunner.java:26)
	at org.gradle.internal.opera
tions.DefaultBuildOperationRu
nner$2.execute(DefaultBuildOp
erationRunner.java:66)
	at org.gradle.internal.opera
tions.DefaultBuildOperationRu
nner$2.execute(DefaultBuildOp
erationRunner.java:59)
	at org.gradle.internal.opera
tions.DefaultBuildOperationRu
nner.execute(DefaultBuildOper
ationRunner.java:166)
	at org.gradle.internal.opera
tions.DefaultBuildOperationRu
nner.execute(DefaultBuildOper
ationRunner.java:59)
	at org.gradle.internal.opera
tions.DefaultBuildOperationRu
nner.run(DefaultBuildOperatio
nRunner.java:47)
	at org.gradle.api.internal.t
asks.execution.TaskExecution.
executeAction(TaskExecution.j
ava:237)
	at org.gradle.api.internal.t
asks.execution.TaskExecution.
executeActions(TaskExecution.
java:220)
	at org.gradle.api.internal.t
asks.execution.TaskExecution.
executeWithPreviousOutputFile
s(TaskExecution.java:203)
	at org.gradle.api.internal.t
asks.execution.TaskExecution.
execute(TaskExecution.java:17
0)
	at org.gradle.internal.execu
tion.steps.ExecuteStep.execut
eInternal(ExecuteStep.java:10
5)
	at org.gradle.internal.execu
tion.steps.ExecuteStep.access
$000(ExecuteStep.java:44)
	at org.gradle.internal.execu
tion.steps.ExecuteStep$1.call
(ExecuteStep.java:59)
	at org.gradle.internal.execu
tion.steps.ExecuteStep$1.call
(ExecuteStep.java:56)
	at org.gradle.internal.opera
tions.DefaultBuildOperationRu
nner$CallableBuildOperationWo
rker.execute(DefaultBuildOper
ationRunner.java:209)
	at org.gradle.internal.opera
tions.DefaultBuildOperationRu
nner$CallableBuildOperationWo
rker.execute(DefaultBuildOper
ationRunner.java:204)
	at org.gradle.internal.opera
tions.DefaultBuildOperationRu
nner$2.execute(DefaultBuildOp
erationRunner.java:66)
	at org.gradle.internal.opera
tions.DefaultBuildOperationRu
nner$2.execute(DefaultBuildOp
erationRunner.java:59)
	at org.gradle.internal.opera
tions.DefaultBuildOperationRu
nner.execute(DefaultBuildOper
ationRunner.java:166)
	at org.gradle.internal.opera
tions.DefaultBuildOperationRu
nner.execute(DefaultBuildOper
ationRunner.java:59)
	at org.gradle.internal.opera
tions.DefaultBuildOperationRu
nner.call(DefaultBuildOperati
onRunner.java:53)
	at org.gradle.internal.execu
tion.steps.ExecuteStep.execut
e(ExecuteStep.java:56)
	at org.gradle.internal.execu
tion.steps.ExecuteStep.execut
e(ExecuteStep.java:44)
	at org.gradle.internal.execu
tion.steps.CancelExecutionSte
p.execute(CancelExecutionStep
.java:42)
	at org.gradle.internal.execu
tion.steps.TimeoutStep.execut
eWithoutTimeout(TimeoutStep.j
ava:75)
	at org.gradle.internal.execu
tion.steps.TimeoutStep.execut
e(TimeoutStep.java:55)
	at org.gradle.internal.execu
tion.steps.PreCreateOutputPar
entsStep.execute(PreCreateOut
putParentsStep.java:50)
	at org.gradle.internal.execu
tion.steps.PreCreateOutputPar
entsStep.execute(PreCreateOut
putParentsStep.java:28)
	at org.gradle.internal.execu
tion.steps.RemovePreviousOutp
utsStep.execute(RemovePreviou
sOutputsStep.java:68)
	at org.gradle.internal.execu
tion.steps.RemovePreviousOutp
utsStep.execute(RemovePreviou
sOutputsStep.java:38)
	at org.gradle.internal.execu
tion.steps.BroadcastChangingO
utputsStep.execute(BroadcastC
hangingOutputsStep.java:61)
	at org.gradle.internal.execu
tion.steps.BroadcastChangingO
utputsStep.execute(BroadcastC
hangingOutputsStep.java:26)
	at org.gradle.internal.execu
tion.steps.CaptureOutputsAfte
rExecutionStep.execute(Captur
eOutputsAfterExecutionStep.ja
va:69)
	at org.gradle.internal.execu
tion.steps.CaptureOutputsAfte
rExecutionStep.execute(Captur
eOutputsAfterExecutionStep.ja
va:46)
	at org.gradle.internal.execu
tion.steps.ResolveInputChange
sStep.execute(ResolveInputCha
ngesStep.java:39)
	at org.gradle.internal.execu
tion.steps.ResolveInputChange
sStep.execute(ResolveInputCha
ngesStep.java:28)
	at org.gradle.internal.execu
tion.steps.BuildCacheStep.exe
cuteWithoutCache(BuildCacheSt
ep.java:189)
	at org.gradle.internal.execu
tion.steps.BuildCacheStep.lam
bda$execute$1(BuildCacheStep.
java:75)
	at org.gradle.internal.Eithe
r$Right.fold(Either.java:176)
	at org.gradle.internal.execu
tion.caching.CachingState.fol
d(CachingState.java:62)
	at org.gradle.internal.execu
tion.steps.BuildCacheStep.exe
cute(BuildCacheStep.java:73)
	at org.gradle.internal.execu
tion.steps.BuildCacheStep.exe
cute(BuildCacheStep.java:48)
	at org.gradle.internal.execu
tion.steps.StoreExecutionStat
eStep.execute(StoreExecutionS
tateStep.java:46)
	at org.gradle.internal.execu
tion.steps.StoreExecutionStat
eStep.execute(StoreExecutionS
tateStep.java:35)
	at org.gradle.internal.execu
tion.steps.SkipUpToDateStep.e
xecuteBecause(SkipUpToDateSte
p.java:75)
	at org.gradle.internal.execu
tion.steps.SkipUpToDateStep.l
ambda$execute$2(SkipUpToDateS
tep.java:53)
	at org.gradle.internal.execu
tion.steps.SkipUpToDateStep.e
xecute(SkipUpToDateStep.java:
53)
	at org.gradle.internal.execu
tion.steps.SkipUpToDateStep.e
xecute(SkipUpToDateStep.java:
35)
	at org.gradle.internal.execu
tion.steps.legacy.MarkSnapsho
ttingInputsFinishedStep.execu
te(MarkSnapshottingInputsFini
shedStep.java:37)
	at org.gradle.internal.execu
tion.steps.legacy.MarkSnapsho
ttingInputsFinishedStep.execu
te(MarkSnapshottingInputsFini
shedStep.java:27)
	at org.gradle.internal.execu
tion.steps.ResolveIncremental
CachingStateStep.executeDeleg
ate(ResolveIncrementalCaching
StateStep.java:49)
	at org.gradle.internal.execu
tion.steps.ResolveIncremental
CachingStateStep.executeDeleg
ate(ResolveIncrementalCaching
StateStep.java:27)
	at org.gradle.internal.execu
tion.steps.AbstractResolveCac
hingStateStep.execute(Abstrac
tResolveCachingStateStep.java
:71)
	at org.gradle.internal.execu
tion.steps.AbstractResolveCac
hingStateStep.execute(Abstrac
tResolveCachingStateStep.java
:39)
	at org.gradle.internal.execu
tion.steps.ResolveChangesStep
.execute(ResolveChangesStep.j
ava:64)
	at org.gradle.internal.execu
tion.steps.ResolveChangesStep
.execute(ResolveChangesStep.j
ava:35)
	at org.gradle.internal.execu
tion.steps.ValidateStep.execu
te(ValidateStep.java:62)
	at org.gradle.internal.execu
tion.steps.ValidateStep.execu
te(ValidateStep.java:40)
	at org.gradle.internal.execu
tion.steps.AbstractCaptureSta
teBeforeExecutionStep.execute
(AbstractCaptureStateBeforeEx
ecutionStep.java:76)
	at org.gradle.internal.execu
tion.steps.AbstractCaptureSta
teBeforeExecutionStep.execute
(AbstractCaptureStateBeforeEx
ecutionStep.java:45)
	at org.gradle.internal.execu
tion.steps.AbstractSkipEmptyW
orkStep.executeWithNonEmptySo
urces(AbstractSkipEmptyWorkSt
ep.java:136)
	at org.gradle.internal.execu
tion.steps.AbstractSkipEmptyW
orkStep.execute(AbstractSkipE
mptyWorkStep.java:61)
	at org.gradle.internal.execu
tion.steps.AbstractSkipEmptyW
orkStep.execute(AbstractSkipE
mptyWorkStep.java:38)
	at org.gradle.internal.execu
tion.steps.legacy.MarkSnapsho
ttingInputsStartedStep.execut
e(MarkSnapshottingInputsStart
edStep.java:38)
	at org.gradle.internal.execu
tion.steps.LoadPreviousExecut
ionStateStep.execute(LoadPrev
iousExecutionStateStep.java:3
6)
	at org.gradle.internal.execu
tion.steps.LoadPreviousExecut
ionStateStep.execute(LoadPrev
iousExecutionStateStep.java:2
3)
	at org.gradle.internal.execu
tion.steps.HandleStaleOutputs
Step.execute(HandleStaleOutpu
tsStep.java:75)
	at org.gradle.internal.execu
tion.steps.HandleStaleOutputs
Step.execute(HandleStaleOutpu
tsStep.java:41)
	at org.gradle.internal.execu
tion.steps.AssignMutableWorks
paceStep.lambda$execute$0(Ass
ignMutableWorkspaceStep.java:
35)
	at org.gradle.api.internal.t
asks.execution.TaskExecution$
4.withWorkspace(TaskExecution
.java:297)

Deprecated Gradle features were used in this build, making it incompatible with Gradle 10.

You can use '--warning-mode all' to show the individual deprecation warnings and determine if they come from your own scripts or plugins.

For more on this, please refer to https://docs.gradle.org/9.0.0/userguide/command_line_interface.html#sec:command_line_warnings in the Gradle documentation.
150 actionable tasks: 19 executed, 131 up-to-date
	at org.gradle.internal.execu
tion.steps.AssignMutableWorks
paceStep.execute(AssignMutabl
eWorkspaceStep.java:31)
	at org.gradle.internal.execu
tion.steps.AssignMutableWorks
paceStep.execute(AssignMutabl
eWorkspaceStep.java:22)
	at org.gradle.internal.execu
tion.steps.ChoosePipelineStep
.execute(ChoosePipelineStep.j
ava:40)
	at org.gradle.internal.execu
tion.steps.ChoosePipelineStep
.execute(ChoosePipelineStep.j
ava:23)
	at org.gradle.internal.execu
tion.steps.ExecuteWorkBuildOp
erationFiringStep.lambda$exec
ute$2(ExecuteWorkBuildOperati
onFiringStep.java:67)
	at org.gradle.internal.execu
tion.steps.ExecuteWorkBuildOp
erationFiringStep.execute(Exe
cuteWorkBuildOperationFiringS
tep.java:67)
	at org.gradle.internal.execu
tion.steps.ExecuteWorkBuildOp
erationFiringStep.execute(Exe
cuteWorkBuildOperationFiringS
tep.java:39)
	at org.gradle.internal.execu
tion.steps.IdentityCacheStep.
execute(IdentityCacheStep.jav
a:46)
	at org.gradle.internal.execu
tion.steps.IdentityCacheStep.
execute(IdentityCacheStep.jav
a:34)
	at org.gradle.internal.execu
tion.steps.IdentifyStep.execu
te(IdentifyStep.java:47)
	at org.gradle.internal.execu
tion.steps.IdentifyStep.execu
te(IdentifyStep.java:34)
	at org.gradle.internal.execu
tion.impl.DefaultExecutionEng
ine$1.execute(DefaultExecutio
nEngine.java:64)
	at org.gradle.api.internal.t
asks.execution.ExecuteActions
TaskExecuter.executeIfValid(E
xecuteActionsTaskExecuter.jav
a:132)
	... 29 more
Caused by: com.android.builde
r.internal.aapt.v2.Aapt2Excep
tion: Android resource 
compilation failed
ERROR: D:\ReviewApp\review-Ap
p\android\app\src\main\res\dr
awable\app_logo.png: AAPT: 
error: file failed to 
compile.
    
	at com.android.builder.inter
nal.aapt.v2.Aapt2Exception$Co
mpanion.create(Aapt2Exception
.kt:45)
	at com.android.builder.inter
nal.aapt.v2.Aapt2Exception$Co
mpanion.create$default(Aapt2E
xception.kt:31)
	at com.android.build.gradle.
internal.res.Aapt2ErrorUtils.
rewriteException(Aapt2ErrorUt
ils.kt:262)
	at com.android.build.gradle.
internal.res.Aapt2ErrorUtils.
rewriteException$default(Aapt
2ErrorUtils.kt:205)
	at com.android.build.gradle.
internal.res.Aapt2ErrorUtils.
rewriteCompileException(Aapt2
ErrorUtils.kt:89)
	at com.android.build.gradle.
internal.res.Aapt2CompileRunn
ableKt.runAapt2Compile(Aapt2C
ompileRunnable.kt:59)
	at com.android.build.gradle.
internal.res.Aapt2CompileRunn
able.run(Aapt2CompileRunnable
.kt:32)
	at com.android.build.gradle.
internal.profile.ProfileAware
WorkAction.execute(ProfileAwa
reWorkAction.kt:74)
	at org.gradle.workers.intern
al.DefaultWorkerServer.execut
e(DefaultWorkerServer.java:68
)
	at org.gradle.workers.intern
al.NoIsolationWorkerFactory$1
$1.create(NoIsolationWorkerFa
ctory.java:66)
	at org.gradle.workers.intern
al.NoIsolationWorkerFactory$1
$1.create(NoIsolationWorkerFa
ctory.java:62)
	at org.gradle.internal.class
loader.ClassLoaderUtils.execu
teInClassloader(ClassLoaderUt
ils.java:100)
	at org.gradle.workers.intern
al.NoIsolationWorkerFactory$1
.lambda$execute$0(NoIsolation
WorkerFactory.java:62)
	at org.gradle.workers.intern
al.AbstractWorker$1.call(Abst
ractWorker.java:44)
	at org.gradle.workers.intern
al.AbstractWorker$1.call(Abst
ractWorker.java:41)
	at org.gradle.internal.opera
tions.DefaultBuildOperationRu
nner$CallableBuildOperationWo
rker.execute(DefaultBuildOper
ationRunner.java:209)
	at org.gradle.internal.opera
tions.DefaultBuildOperationRu
nner$CallableBuildOperationWo
rker.execute(DefaultBuildOper
ationRunner.java:204)
	at org.gradle.internal.opera
tions.DefaultBuildOperationRu
nner$2.execute(DefaultBuildOp
erationRunner.java:66)
	at org.gradle.internal.opera
tions.DefaultBuildOperationRu
nner$2.execute(DefaultBuildOp
erationRunner.java:59)
	at org.gradle.internal.opera
tions.DefaultBuildOperationRu
nner.execute(DefaultBuildOper
ationRunner.java:166)
	at org.gradle.internal.opera
tions.DefaultBuildOperationRu
nner.execute(DefaultBuildOper
ationRunner.java:59)
	at org.gradle.internal.opera
tions.DefaultBuildOperationRu
nner.call(DefaultBuildOperati
onRunner.java:53)
	at org.gradle.workers.intern
al.AbstractWorker.executeWrap
pedInBuildOperation(AbstractW
orker.java:41)
	at org.gradle.workers.intern
al.NoIsolationWorkerFactory$1
.execute(NoIsolationWorkerFac
tory.java:59)
	at org.gradle.workers.intern
al.DefaultWorkerExecutor.lamb
da$submitWork$0(DefaultWorker
Executor.java:176)
	at org.gradle.internal.work.
DefaultConditionalExecutionQu
eue$ExecutionRunner.runExecut
ion(DefaultConditionalExecuti
onQueue.java:194)
	at org.gradle.internal.work.
DefaultConditionalExecutionQu
eue$ExecutionRunner.access$70
0(DefaultConditionalExecution
Queue.java:127)
	at org.gradle.internal.work.
DefaultConditionalExecutionQu
eue$ExecutionRunner$1.run(Def
aultConditionalExecutionQueue
.java:169)
	at org.gradle.internal.Facto
ries$1.create(Factories.java:
31)
	at org.gradle.internal.work.
DefaultWorkerLeaseService.wit
hLocks(DefaultWorkerLeaseServ
ice.java:263)
	at org.gradle.internal.work.
DefaultWorkerLeaseService.run
AsWorkerThread(DefaultWorkerL
easeService.java:127)
	at org.gradle.internal.work.
DefaultWorkerLeaseService.run
AsWorkerThread(DefaultWorkerL
easeService.java:132)
	at org.gradle.internal.work.
DefaultConditionalExecutionQu
eue$ExecutionRunner.runBatch(
DefaultConditionalExecutionQu
eue.java:164)
	at org.gradle.internal.work.
DefaultConditionalExecutionQu
eue$ExecutionRunner.run(Defau
ltConditionalExecutionQueue.j
ava:133)
	... 2 more


BUILD FAILED in 8s
